2026-01-30 11:08:58 INFO  com.revconnect.cli.RevConnectApp - RevConnect application started
2026-01-30 11:09:13 INFO  com.revconnect.cli.RevConnectApp - User logged in: ajmal@mail.com
2026-01-30 11:22:42 INFO  com.revconnect.cli.RevConnectApp - RevConnect application started
2026-01-30 11:22:58 INFO  com.revconnect.cli.RevConnectApp - User logged in: ajmal@mail.com
2026-01-30 11:23:03 INFO  com.revconnect.cli.RevConnectApp - View profile requested for userId=3
2026-01-30 11:23:10 INFO  com.revconnect.cli.RevConnectApp - User search triggered. keyword=user, by userId=3
2026-01-30 11:23:14 INFO  com.revconnect.cli.RevConnectApp - Exiting Profile Menu for userId=3
2026-01-30 11:24:37 INFO  com.revconnect.cli.RevConnectApp - RevConnect application started
2026-01-30 11:26:00 INFO  com.revconnect.cli.RevConnectApp - RevConnect application started
2026-01-30 11:26:08 WARN  com.revconnect.cli.RevConnectApp - Login failed
2026-01-30 11:26:16 INFO  com.revconnect.cli.RevConnectApp - User logged in: ajmal@mail.com
2026-01-30 11:26:20 INFO  com.revconnect.cli.RevConnectApp - View profile requested for userId=3
2026-01-30 11:26:24 INFO  com.revconnect.cli.RevConnectApp - User search triggered. keyword=user, by userId=3
2026-01-30 11:26:25 INFO  com.revconnect.cli.RevConnectApp - Exiting Profile Menu for userId=3
2026-01-30 11:27:11 INFO  com.revconnect.cli.RevConnectApp - RevConnect application started
2026-01-30 11:27:21 WARN  com.revconnect.cli.RevConnectApp - Login failed
2026-01-30 11:27:32 INFO  com.revconnect.cli.RevConnectApp - User logged in: ajmal@mail.com
2026-01-30 11:27:35 INFO  com.revconnect.cli.RevConnectApp - View profile requested for userId=3
2026-01-30 11:27:38 INFO  com.revconnect.cli.RevConnectApp - User search triggered. keyword=ajmal, by userId=3
2026-01-30 11:27:39 INFO  com.revconnect.cli.RevConnectApp - Exiting Profile Menu for userId=3
